-------------------------------------------------------------------------------
Test set: CourierLoginTest
-------------------------------------------------------------------------------
Tests run: 6, Failures: 1, Errors: 0, Skipped: 0, Time elapsed: 73.677 s <<< FAILURE! - in CourierLoginTest
courierLoginWithMissingLoginTest(CourierLoginTest)  Time elapsed: 61.175 s  <<< FAILURE!
java.lang.AssertionError: 
Courier cannot login
Expected: is <400>
     but: was <504>
	at CourierLoginTest.courierLoginWithMissingLoginTest(CourierLoginTest.java:54)

